<?xml version="1.0" encoding="UTF-8"?>
<testng-results ignored="0" total="2" passed="2" failed="0" skipped="0">
  <reporter-output>
  </reporter-output>
  <suite started-at="2023-05-01T23:18:42 IST" name="All Test Suite" finished-at="2023-05-01T23:18:42 IST" duration-ms="27">
    <groups>
    </groups>
    <test started-at="2023-05-01T23:18:42 IST" name="C:/Users/user/IdeaProjects/Shivani_Project_BDD" finished-at="2023-05-01T23:18:42 IST" duration-ms="27">
      <class name="SampleTestNGClass">
        <test-method signature="m1()[pri:0, instance:SampleTestNGClass@6e0f5f7f]" started-at="2023-05-01T23:18:42 IST" name="m1" finished-at="2023-05-01T23:18:42 IST" duration-ms="4" status="PASS">
          <reporter-output>
          </reporter-output>
        </test-method> <!-- m1 -->
        <test-method signature="m2()[pri:0, instance:SampleTestNGClass@6e0f5f7f]" started-at="2023-05-01T23:18:42 IST" name="m2" finished-at="2023-05-01T23:18:42 IST" duration-ms="1" status="PASS">
          <reporter-output>
          </reporter-output>
        </test-method> <!-- m2 -->
      </class> <!-- SampleTestNGClass -->
    </test> <!-- C:/Users/user/IdeaProjects/Shivani_Project_BDD -->
  </suite> <!-- All Test Suite -->
</testng-results>
