<?xml version="1.0" encoding="UTF-8"?>
<testng-results ignored="0" total="1" passed="1" failed="0" skipped="0">
  <reporter-output>
  </reporter-output>
  <suite started-at="2023-06-05T23:08:38 IST" name="All Test Suite" finished-at="2023-06-05T23:09:08 IST" duration-ms="29697">
    <groups>
      <group name="cucumber">
        <method signature="AbstractTestNGCucumberTests.runScenario(io.cucumber.testng.PickleWrapper,io.cucumber.testng.FeatureWrapper)[pri:0, instance:testRunner.TestRunnerClass@13e344d]" name="runScenario" class="io.cucumber.testng.AbstractTestNGCucumberTests"/>
      </group> <!-- cucumber -->
    </groups>
    <test started-at="2023-06-05T23:08:38 IST" name="D:/LearnBDDFramework" finished-at="2023-06-05T23:09:08 IST" duration-ms="29697">
      <class name="testRunner.TestRunnerClass">
        <test-method is-config="true" signature="setUpClass(org.testng.ITestContext)[pri:0, instance:testRunner.TestRunnerClass@13e344d]" started-at="2023-06-05T23:08:38 IST" name="setUpClass" finished-at="2023-06-05T23:08:39 IST" duration-ms="230" status="PASS">
          <params>
            <param index="0">
              <value>
                <![CDATA[org.testng.TestRunner@3cc30dee]]>
              </value>
            </param>
          </params>
          <reporter-output>
          </reporter-output>
        </test-method> <!-- setUpClass -->
        <test-method signature="runScenario(io.cucumber.testng.PickleWrapper,io.cucumber.testng.FeatureWrapper)[pri:0, instance:testRunner.TestRunnerClass@13e344d]" started-at="2023-06-05T23:08:39 IST" name="runScenario" description="Runs Cucumber Scenarios" data-provider="scenarios" finished-at="2023-06-05T23:09:08 IST" duration-ms="29414" status="PASS">
          <params>
            <param index="0">
              <value>
                <![CDATA["Verify User is able to submit the Query Talk to our experts form"]]>
              </value>
            </param>
            <param index="1">
              <value>
                <![CDATA["Optional[Talk to experts]"]]>
              </value>
            </param>
          </params>
          <reporter-output>
          </reporter-output>
        </test-method> <!-- runScenario -->
        <test-method is-config="true" signature="tearDownClass()[pri:0, instance:testRunner.TestRunnerClass@13e344d]" started-at="2023-06-05T23:09:08 IST" name="tearDownClass" finished-at="2023-06-05T23:09:08 IST" duration-ms="20" status="PASS">
          <reporter-output>
          </reporter-output>
        </test-method> <!-- tearDownClass -->
      </class> <!-- testRunner.TestRunnerClass -->
    </test> <!-- D:/LearnBDDFramework -->
  </suite> <!-- All Test Suite -->
</testng-results>
